db/src/gen/.hdiconfig
db/src/gen/.hdinamespace
db/src/gen/DRAFT_DRAFTADMINISTRATIVEDATA.hdbcds
db/src/gen/LOCALIZED_POSERVICE_ATTACHMENTS.hdbcds
db/src/gen/LOCALIZED_POSERVICE_COMPANYCODES.hdbcds
db/src/gen/LOCALIZED_POSERVICE_CURRENCIES.hdbcds
db/src/gen/LOCALIZED_POSERVICE_ITEMCATEGORIES.hdbcds
db/src/gen/LOCALIZED_POSERVICE_LANGUAGES.hdbcds
db/src/gen/LOCALIZED_POSERVICE_MATERIALGROUPS.hdbcds
db/src/gen/LOCALIZED_POSERVICE_MATERIALS.hdbcds
db/src/gen/LOCALIZED_POSERVICE_PLANTS.hdbcds
db/src/gen/LOCALIZED_POSERVICE_PURCHASEORDERITEMS.hdbcds
db/src/gen/LOCALIZED_POSERVICE_PURCHASEORDERS.hdbcds
db/src/gen/LOCALIZED_POSERVICE_PURCHASEORDERSTATUSES.hdbcds
db/src/gen/LOCALIZED_POSERVICE_PURCHASINGGROUPS.hdbcds
db/src/gen/LOCALIZED_POSERVICE_PURCHASINGORGANIZATIONS.hdbcds
db/src/gen/LOCALIZED_POSERVICE_SCHEDULELINES.hdbcds
db/src/gen/LOCALIZED_POSERVICE_TERMPAYMENTS.hdbcds
db/src/gen/LOCALIZED_SAP_COMMON_CURRENCIES.hdbcds
db/src/gen/LOCALIZED_SAP_COMMON_LANGUAGES.hdbcds
db/src/gen/LOCALIZED_TMINHLE_PURCHASEORDER_ATTACHMENTS.hdbcds
db/src/gen/LOCALIZED_TMINHLE_PURCHASEORDER_COMPANYCODES.hdbcds
db/src/gen/LOCALIZED_TMINHLE_PURCHASEORDER_ITEMCATEGORIES.hdbcds
db/src/gen/LOCALIZED_TMINHLE_PURCHASEORDER_MATERIALGROUPS.hdbcds
db/src/gen/LOCALIZED_TMINHLE_PURCHASEORDER_MATERIALS.hdbcds
db/src/gen/LOCALIZED_TMINHLE_PURCHASEORDER_PLANTS.hdbcds
db/src/gen/LOCALIZED_TMINHLE_PURCHASEORDER_PURCHASEORDERITEMS.hdbcds
db/src/gen/LOCALIZED_TMINHLE_PURCHASEORDER_PURCHASEORDERS.hdbcds
db/src/gen/LOCALIZED_TMINHLE_PURCHASEORDER_PURCHASEORDERSTATUSES.hdbcds
db/src/gen/LOCALIZED_TMINHLE_PURCHASEORDER_PURCHASINGGROUPS.hdbcds
db/src/gen/LOCALIZED_TMINHLE_PURCHASEORDER_PURCHASINGORGANIZATIONS.hdbcds
db/src/gen/LOCALIZED_TMINHLE_PURCHASEORDER_SCHEDULELINES.hdbcds
db/src/gen/LOCALIZED_TMINHLE_PURCHASEORDER_TERMPAYMENTS.hdbcds
db/src/gen/POSERVICE_ADDRESSES.hdbcds
db/src/gen/POSERVICE_ATTACHMENTS.hdbcds
db/src/gen/POSERVICE_COMPANYCODES.hdbcds
db/src/gen/POSERVICE_COMPANYCODES_TEXTS.hdbcds
db/src/gen/POSERVICE_CURRENCIES.hdbcds
db/src/gen/POSERVICE_CURRENCIES_TEXTS.hdbcds
db/src/gen/POSERVICE_DRAFTADMINISTRATIVEDATA.hdbcds
db/src/gen/POSERVICE_ITEMCATEGORIES.hdbcds
db/src/gen/POSERVICE_ITEMCATEGORIES_TEXTS.hdbcds
db/src/gen/POSERVICE_LANGUAGES.hdbcds
db/src/gen/POSERVICE_LANGUAGES_TEXTS.hdbcds
db/src/gen/POSERVICE_MATERIALGROUPS.hdbcds
db/src/gen/POSERVICE_MATERIALGROUPS_TEXTS.hdbcds
db/src/gen/POSERVICE_MATERIALS.hdbcds
db/src/gen/POSERVICE_MATERIALS_TEXTS.hdbcds
db/src/gen/POSERVICE_PLANTS.hdbcds
db/src/gen/POSERVICE_PLANTS_TEXTS.hdbcds
db/src/gen/POSERVICE_PURCHASEORDERITEMS.hdbcds
db/src/gen/POSERVICE_PURCHASEORDERITEMS_DRAFTS.hdbcds
db/src/gen/POSERVICE_PURCHASEORDERS.hdbcds
db/src/gen/POSERVICE_PURCHASEORDERSTATUSES.hdbcds
db/src/gen/POSERVICE_PURCHASEORDERSTATUSES_TEXTS.hdbcds
db/src/gen/POSERVICE_PURCHASEORDERS_DRAFTS.hdbcds
db/src/gen/POSERVICE_PURCHASINGGROUPS.hdbcds
db/src/gen/POSERVICE_PURCHASINGGROUPS_TEXTS.hdbcds
db/src/gen/POSERVICE_PURCHASINGORGANIZATIONS.hdbcds
db/src/gen/POSERVICE_PURCHASINGORGANIZATIONS_TEXTS.hdbcds
db/src/gen/POSERVICE_SCHEDULELINES.hdbcds
db/src/gen/POSERVICE_SCHEDULELINES_DRAFTS.hdbcds
db/src/gen/POSERVICE_TERMPAYMENTS.hdbcds
db/src/gen/POSERVICE_TERMPAYMENTS_TEXTS.hdbcds
db/src/gen/SAP_COMMON_CURRENCIES.hdbcds
db/src/gen/SAP_COMMON_CURRENCIES_TEXTS.hdbcds
db/src/gen/SAP_COMMON_LANGUAGES.hdbcds
db/src/gen/SAP_COMMON_LANGUAGES_TEXTS.hdbcds
db/src/gen/TMINHLE_PURCHASEORDER_ADDRESSES.hdbcds
db/src/gen/TMINHLE_PURCHASEORDER_ATTACHMENTS.hdbcds
db/src/gen/TMINHLE_PURCHASEORDER_COMPANYCODES.hdbcds
db/src/gen/TMINHLE_PURCHASEORDER_COMPANYCODES_TEXTS.hdbcds
db/src/gen/TMINHLE_PURCHASEORDER_CONTACTPERSONS.hdbcds
db/src/gen/TMINHLE_PURCHASEORDER_ITEMCATEGORIES.hdbcds
db/src/gen/TMINHLE_PURCHASEORDER_ITEMCATEGORIES_TEXTS.hdbcds
db/src/gen/TMINHLE_PURCHASEORDER_MATERIALGROUPS.hdbcds
db/src/gen/TMINHLE_PURCHASEORDER_MATERIALGROUPS_TEXTS.hdbcds
db/src/gen/TMINHLE_PURCHASEORDER_MATERIALS.hdbcds
db/src/gen/TMINHLE_PURCHASEORDER_MATERIALS_TEXTS.hdbcds
db/src/gen/TMINHLE_PURCHASEORDER_PLANTS.hdbcds
db/src/gen/TMINHLE_PURCHASEORDER_PLANTS_TEXTS.hdbcds
db/src/gen/TMINHLE_PURCHASEORDER_PURCHASEORDERITEMS.hdbcds
db/src/gen/TMINHLE_PURCHASEORDER_PURCHASEORDERS.hdbcds
db/src/gen/TMINHLE_PURCHASEORDER_PURCHASEORDERSTATUSES.hdbcds
db/src/gen/TMINHLE_PURCHASEORDER_PURCHASEORDERSTATUSES_TEXTS.hdbcds
db/src/gen/TMINHLE_PURCHASEORDER_PURCHASINGGROUPS.hdbcds
db/src/gen/TMINHLE_PURCHASEORDER_PURCHASINGGROUPS_TEXTS.hdbcds
db/src/gen/TMINHLE_PURCHASEORDER_PURCHASINGORGANIZATIONS.hdbcds
db/src/gen/TMINHLE_PURCHASEORDER_PURCHASINGORGANIZATIONS_TEXTS.hdbcds
db/src/gen/TMINHLE_PURCHASEORDER_SCHEDULELINES.hdbcds
db/src/gen/TMINHLE_PURCHASEORDER_TERMPAYMENTS.hdbcds
db/src/gen/TMINHLE_PURCHASEORDER_TERMPAYMENTS_TEXTS.hdbcds
db/src/gen/data/sap.common-Currencies.csv
db/src/gen/data/sap.common-Currencies.hdbtabledata
db/src/gen/data/sap.common-Currencies_texts.csv
db/src/gen/data/sap.common-Currencies_texts.hdbtabledata
db/src/gen/data/sap.common-Languages.csv
db/src/gen/data/sap.common-Languages.hdbtabledata
db/src/gen/data/sap.common-Languages_texts.csv
db/src/gen/data/sap.common-Languages_texts.hdbtabledata
db/src/gen/data/tminhle.purchaseorder-PurchaseOrderItems.csv
db/src/gen/data/tminhle.purchaseorder-PurchaseOrderItems.hdbtabledata
db/src/gen/data/tminhle.purchaseorder-PurchaseOrderStatuses.csv
db/src/gen/data/tminhle.purchaseorder-PurchaseOrderStatuses.hdbtabledata
db/src/gen/data/tminhle.purchaseorder-PurchaseOrders.csv
db/src/gen/data/tminhle.purchaseorder-PurchaseOrders.hdbtabledata
srv/src/main/resources/edmx/POService.xml
srv/src/main/resources/edmx/POService_ar.xml
srv/src/main/resources/edmx/POService_cs.xml
srv/src/main/resources/edmx/POService_da.xml
srv/src/main/resources/edmx/POService_de.xml
srv/src/main/resources/edmx/POService_en.xml
srv/src/main/resources/edmx/POService_es.xml
srv/src/main/resources/edmx/POService_fi.xml
srv/src/main/resources/edmx/POService_fr.xml
srv/src/main/resources/edmx/POService_hu.xml
srv/src/main/resources/edmx/POService_it.xml
srv/src/main/resources/edmx/POService_ja.xml
srv/src/main/resources/edmx/POService_ko.xml
srv/src/main/resources/edmx/POService_ms.xml
srv/src/main/resources/edmx/POService_nl.xml
srv/src/main/resources/edmx/POService_no.xml
srv/src/main/resources/edmx/POService_pl.xml
srv/src/main/resources/edmx/POService_pt.xml
srv/src/main/resources/edmx/POService_ro.xml
srv/src/main/resources/edmx/POService_ru.xml
srv/src/main/resources/edmx/POService_sv.xml
srv/src/main/resources/edmx/POService_th.xml
srv/src/main/resources/edmx/POService_tr.xml
srv/src/main/resources/edmx/POService_zh_CN.xml
srv/src/main/resources/edmx/POService_zh_TW.xml
srv/src/main/resources/edmx/csn.json